2018-06-19 15:09:35,205 DEBUG [main] c.f.l.LombokSlf4Test [LombokSlf4Test.java:41] debug级别的输出
2018-06-19 15:09:35,208 INFO [main] c.f.l.LombokSlf4Test [LombokSlf4Test.java:42] info级别的输出
2018-06-19 15:09:35,208 WARN [main] c.f.l.LombokSlf4Test [LombokSlf4Test.java:43] warn级别的输出
2018-06-19 15:09:35,208 ERROR [main] c.f.l.LombokSlf4Test [LombokSlf4Test.java:44] error级别的输出
2018-06-19 15:11:25,892 DEBUG [main] com.forever.logback.LombokSlf4Test [LombokSlf4Test.java:41] debug级别的输出
2018-06-19 15:11:25,896 INFO [main] com.forever.logback.LombokSlf4Test [LombokSlf4Test.java:42] info级别的输出
2018-06-19 15:11:25,896 WARN [main] com.forever.logback.LombokSlf4Test [LombokSlf4Test.java:43] warn级别的输出
2018-06-19 15:11:25,896 ERROR [main] com.forever.logback.LombokSlf4Test [LombokSlf4Test.java:44] error级别的输出
2018-06-19 15:12:32,827 DEBUG [main] com.forever.logback.LombokSlf4Test [LombokSlf4Test.java:41] debug级别的输出
2018-06-19 15:12:32,831 INFO [main] com.forever.logback.LombokSlf4Test [LombokSlf4Test.java:42] info级别的输出
2018-06-19 15:12:32,832 WARN [main] com.forever.logback.LombokSlf4Test [LombokSlf4Test.java:43] warn级别的输出
2018-06-19 15:12:32,832 ERROR [main] com.forever.logback.LombokSlf4Test [LombokSlf4Test.java:44] error级别的输出
2018-06-19 15:12:54,487 DEBUG [main] com.forever.logback.LombokSlf4Test [LombokSlf4Test.java:41] debug级别的输出
2018-06-19 15:12:54,491 INFO [main] com.forever.logback.LombokSlf4Test [LombokSlf4Test.java:42] info级别的输出
2018-06-19 15:12:54,491 WARN [main] com.forever.logback.LombokSlf4Test [LombokSlf4Test.java:43] warn级别的输出
2018-06-19 15:12:54,491 ERROR [main] com.forever.logback.LombokSlf4Test [LombokSlf4Test.java:44] error级别的输出
2018-06-19 15:23:53,820 TRACE [main] com.forever.logback.LombokSlf4Test [LombokSlf4Test.java:40] trace级别的输出
2018-06-19 15:23:53,823 DEBUG [main] com.forever.logback.LombokSlf4Test [LombokSlf4Test.java:41] debug级别的输出
2018-06-19 15:23:53,823 INFO [main] com.forever.logback.LombokSlf4Test [LombokSlf4Test.java:42] info级别的输出
2018-06-19 15:23:53,823 WARN [main] com.forever.logback.LombokSlf4Test [LombokSlf4Test.java:43] warn级别的输出
2018-06-19 15:23:53,823 ERROR [main] com.forever.logback.LombokSlf4Test [LombokSlf4Test.java:44] error级别的输出
2018-06-19 15:24:06,876 TRACE [main] com.forever.logback.LombokSlf4Test [LombokSlf4Test.java:40] trace级别的输出
2018-06-19 15:24:06,879 DEBUG [main] com.forever.logback.LombokSlf4Test [LombokSlf4Test.java:41] debug级别的输出
2018-06-19 15:24:06,880 INFO [main] com.forever.logback.LombokSlf4Test [LombokSlf4Test.java:42] info级别的输出
2018-06-19 15:24:06,880 WARN [main] com.forever.logback.LombokSlf4Test [LombokSlf4Test.java:43] warn级别的输出
2018-06-19 15:24:06,880 ERROR [main] com.forever.logback.LombokSlf4Test [LombokSlf4Test.java:44] error级别的输出
